2024-01-22 23:48:48.654 [info] Log level: Info
2024-01-22 23:48:48.654 [info] Validating found git in: "git"
2024-01-22 23:48:48.654 [info] Using git "2.34.1" from "git"
2024-01-22 23:48:48.654 [info] > git rev-parse --show-toplevel [94ms]
2024-01-22 23:48:48.654 [info] fatal: not a git repository (or any of the parent directories): .git
2024-01-22 23:48:48.654 [info] > git rev-parse --show-toplevel [9ms]
2024-01-22 23:48:48.654 [info] fatal: not a git repository (or any of the parent directories): .git
2024-01-22 23:48:48.654 [info] > git rev-parse --show-toplevel [3ms]
2024-01-22 23:48:48.654 [info] fatal: not a git repository (or any of the parent directories): .git
2024-01-22 23:48:48.655 [info] > git rev-parse --show-toplevel [2ms]
2024-01-22 23:48:48.655 [info] fatal: not a git repository (or any of the parent directories): .git
2024-01-22 23:48:48.661 [info] > git rev-parse --show-toplevel [1ms]
2024-01-22 23:48:48.661 [info] fatal: not a git repository (or any of the parent directories): .git
2024-01-22 23:48:48.669 [info] > git rev-parse --show-toplevel [2ms]
2024-01-22 23:48:48.669 [info] fatal: not a git repository (or any of the parent directories): .git
2024-01-22 23:52:19.837 [info] > git rev-parse --show-toplevel [1ms]
2024-01-22 23:52:19.840 [info] > git rev-parse --git-dir --git-common-dir [1ms]
2024-01-22 23:52:19.846 [info] Open repository: /home/niko/.vscode-server
2024-01-22 23:52:19.851 [info] > git config --get commit.template [2ms]
2024-01-22 23:52:19.851 [info] > git for-each-ref --format=%(refname)%00%(upstream:short)%00%(objectname)%00%(upstream:track)%00%(upstream:remotename)%00%(upstream:remoteref) refs/heads/main refs/remotes/main [1ms]
2024-01-22 23:52:19.999 [info] > git status -z -uall [145ms] (cancelled)
2024-01-22 23:52:20.000 [info] > git check-ignore -v -z --stdin [2ms]
2024-01-22 23:52:20.215 [info] > git show --textconv :new_wordle_whacker.js [2ms]
2024-01-22 23:52:20.216 [info] > git ls-files --stage -- /home/niko/.vscode-server/new_wordle_whacker.js [1ms]
2024-01-22 23:52:20.408 [info] > git check-ignore -v -z --stdin [0ms]
2024-01-22 23:52:27.038 [info] > git config --get commit.template [1ms]
2024-01-22 23:52:27.042 [info] > git for-each-ref --format=%(refname)%00%(upstream:short)%00%(objectname)%00%(upstream:track)%00%(upstream:remotename)%00%(upstream:remoteref) refs/heads/main refs/remotes/main [1ms]
2024-01-22 23:52:27.071 [info] > git status -z -uall [26ms] (cancelled)
2024-01-22 23:52:27.072 [info] > git check-ignore -v -z --stdin [1ms]
2024-01-22 23:52:27.709 [info] > git config --get commit.template [3ms]
2024-01-22 23:52:27.710 [info] > git for-each-ref --format=%(refname)%00%(upstream:short)%00%(objectname)%00%(upstream:track)%00%(upstream:remotename)%00%(upstream:remoteref) refs/heads/main refs/remotes/main [1ms]
2024-01-22 23:52:27.715 [info] > git status -z -uall [3ms]
2024-01-22 23:52:28.125 [info] > git show --textconv :new_wordle_whacker.js [4ms]
2024-01-22 23:52:28.126 [info] > git ls-files --stage -- /home/niko/.vscode-server/new_wordle_whacker.js [1ms]
2024-01-22 23:52:28.449 [info] > git check-ignore -v -z --stdin [1ms]
2024-01-22 23:52:29.735 [info] > git show --textconv :.gitignore [4ms]
2024-01-22 23:52:29.736 [info] > git ls-files --stage -- /home/niko/.vscode-server/.gitignore [2ms]
2024-01-22 23:52:29.791 [info] > git config --get commit.template [3ms]
2024-01-22 23:52:29.792 [info] > git for-each-ref --format=%(refname)%00%(upstream:short)%00%(objectname)%00%(upstream:track)%00%(upstream:remotename)%00%(upstream:remoteref) refs/heads/main refs/remotes/main [0ms]
2024-01-22 23:52:29.797 [info] > git status -z -uall [3ms]
2024-01-22 23:52:30.370 [info] > git check-ignore -v -z --stdin [0ms]
2024-01-22 23:52:32.975 [info] > git config --get commit.template [4ms]
2024-01-22 23:52:32.976 [info] > git for-each-ref --format=%(refname)%00%(upstream:short)%00%(objectname)%00%(upstream:track)%00%(upstream:remotename)%00%(upstream:remoteref) refs/heads/main refs/remotes/main [0ms]
2024-01-22 23:52:32.983 [info] > git status -z -uall [4ms]
2024-01-22 23:52:37.994 [info] > git config --get commit.template [3ms]
2024-01-22 23:52:37.995 [info] > git for-each-ref --format=%(refname)%00%(upstream:short)%00%(objectname)%00%(upstream:track)%00%(upstream:remotename)%00%(upstream:remoteref) refs/heads/main refs/remotes/main [2ms]
2024-01-22 23:52:37.999 [info] > git status -z -uall [3ms]
2024-01-22 23:52:43.011 [info] > git config --get commit.template [3ms]
2024-01-22 23:52:43.011 [info] > git for-each-ref --format=%(refname)%00%(upstream:short)%00%(objectname)%00%(upstream:track)%00%(upstream:remotename)%00%(upstream:remoteref) refs/heads/main refs/remotes/main [0ms]
2024-01-22 23:52:43.017 [info] > git status -z -uall [4ms]
2024-01-22 23:52:48.972 [info] > git config --get commit.template [2ms]
2024-01-22 23:52:48.972 [info] > git for-each-ref --format=%(refname)%00%(upstream:short)%00%(objectname)%00%(upstream:track)%00%(upstream:remotename)%00%(upstream:remoteref) refs/heads/main refs/remotes/main [1ms]
2024-01-22 23:52:48.976 [info] > git status -z -uall [3ms]
2024-01-22 23:52:54.972 [info] > git config --get commit.template [1ms]
2024-01-22 23:52:54.975 [info] > git for-each-ref --format=%(refname)%00%(upstream:short)%00%(objectname)%00%(upstream:track)%00%(upstream:remotename)%00%(upstream:remoteref) refs/heads/main refs/remotes/main [0ms]
2024-01-22 23:52:54.979 [info] > git status -z -uall [3ms]
2024-01-22 23:52:59.991 [info] > git config --get commit.template [4ms]
2024-01-22 23:52:59.992 [info] > git for-each-ref --format=%(refname)%00%(upstream:short)%00%(objectname)%00%(upstream:track)%00%(upstream:remotename)%00%(upstream:remoteref) refs/heads/main refs/remotes/main [2ms]
2024-01-22 23:52:59.997 [info] > git status -z -uall [3ms]
2024-01-22 23:53:01.869 [info] > git ls-files --stage -- /home/niko/.vscode-server/.gitignore [1ms]
2024-01-22 23:53:01.873 [info] > git show --textconv :.gitignore [0ms]
2024-01-22 23:53:05.009 [info] > git config --get commit.template [3ms]
2024-01-22 23:53:05.009 [info] > git for-each-ref --format=%(refname)%00%(upstream:short)%00%(objectname)%00%(upstream:track)%00%(upstream:remotename)%00%(upstream:remoteref) refs/heads/main refs/remotes/main [1ms]
2024-01-22 23:53:05.014 [info] > git status -z -uall [3ms]
2024-01-22 23:53:10.026 [info] > git config --get commit.template [3ms]
2024-01-22 23:53:10.026 [info] > git for-each-ref --format=%(refname)%00%(upstream:short)%00%(objectname)%00%(upstream:track)%00%(upstream:remotename)%00%(upstream:remoteref) refs/heads/main refs/remotes/main [1ms]
2024-01-22 23:53:10.031 [info] > git status -z -uall [3ms]
2024-01-22 23:53:15.043 [info] > git config --get commit.template [3ms]
2024-01-22 23:53:15.043 [info] > git for-each-ref --format=%(refname)%00%(upstream:short)%00%(objectname)%00%(upstream:track)%00%(upstream:remotename)%00%(upstream:remoteref) refs/heads/main refs/remotes/main [1ms]
2024-01-22 23:53:15.048 [info] > git status -z -uall [3ms]
2024-01-22 23:53:20.059 [info] > git config --get commit.template [3ms]
2024-01-22 23:53:20.059 [info] > git for-each-ref --format=%(refname)%00%(upstream:short)%00%(objectname)%00%(upstream:track)%00%(upstream:remotename)%00%(upstream:remoteref) refs/heads/main refs/remotes/main [1ms]
2024-01-22 23:53:20.064 [info] > git status -z -uall [3ms]
2024-01-22 23:53:22.758 [info] > git ls-files --stage -- /home/niko/.vscode-server/.gitignore [1ms]
2024-01-22 23:53:22.761 [info] > git cat-file -s 4e637713e0e9afa2b3ccb8d2b70f74e5465e4258 [1ms]
2024-01-22 23:53:22.765 [info] > git show --textconv :.gitignore [0ms]
2024-01-22 23:53:25.074 [info] > git config --get commit.template [3ms]
2024-01-22 23:53:25.074 [info] > git for-each-ref --format=%(refname)%00%(upstream:short)%00%(objectname)%00%(upstream:track)%00%(upstream:remotename)%00%(upstream:remoteref) refs/heads/main refs/remotes/main [0ms]
2024-01-22 23:53:25.079 [info] > git status -z -uall [3ms]
2024-01-22 23:53:26.381 [info] > git ls-files --stage -- /home/niko/.vscode-server/.gitignore [1ms]
2024-01-22 23:53:26.383 [info] > git cat-file -s 4e637713e0e9afa2b3ccb8d2b70f74e5465e4258 [0ms]
2024-01-22 23:53:26.388 [info] > git show --textconv :.gitignore [1ms]
2024-01-22 23:53:30.088 [info] > git config --get commit.template [1ms]
2024-01-22 23:53:30.091 [info] > git for-each-ref --format=%(refname)%00%(upstream:short)%00%(objectname)%00%(upstream:track)%00%(upstream:remotename)%00%(upstream:remoteref) refs/heads/main refs/remotes/main [0ms]
2024-01-22 23:53:30.098 [info] > git status -z -uall [4ms]
2024-01-22 23:53:35.109 [info] > git config --get commit.template [3ms]
2024-01-22 23:53:35.109 [info] > git for-each-ref --format=%(refname)%00%(upstream:short)%00%(objectname)%00%(upstream:track)%00%(upstream:remotename)%00%(upstream:remoteref) refs/heads/main refs/remotes/main [1ms]
2024-01-22 23:53:35.114 [info] > git status -z -uall [3ms]
2024-01-22 23:53:40.130 [info] > git config --get commit.template [2ms]
2024-01-22 23:53:40.130 [info] > git for-each-ref --format=%(refname)%00%(upstream:short)%00%(objectname)%00%(upstream:track)%00%(upstream:remotename)%00%(upstream:remoteref) refs/heads/main refs/remotes/main [0ms]
2024-01-22 23:53:40.135 [info] > git status -z -uall [3ms]
2024-01-22 23:53:45.146 [info] > git config --get commit.template [3ms]
2024-01-22 23:53:45.146 [info] > git for-each-ref --format=%(refname)%00%(upstream:short)%00%(objectname)%00%(upstream:track)%00%(upstream:remotename)%00%(upstream:remoteref) refs/heads/main refs/remotes/main [1ms]
2024-01-22 23:53:45.151 [info] > git status -z -uall [3ms]
2024-01-22 23:53:50.163 [info] > git for-each-ref --format=%(refname)%00%(upstream:short)%00%(objectname)%00%(upstream:track)%00%(upstream:remotename)%00%(upstream:remoteref) refs/heads/main refs/remotes/main [1ms]
2024-01-22 23:53:50.163 [info] > git config --get commit.template [4ms]
2024-01-22 23:53:50.168 [info] > git status -z -uall [4ms]
2024-01-22 23:53:55.180 [info] > git config --get commit.template [2ms]
2024-01-22 23:53:55.180 [info] > git for-each-ref --format=%(refname)%00%(upstream:short)%00%(objectname)%00%(upstream:track)%00%(upstream:remotename)%00%(upstream:remoteref) refs/heads/main refs/remotes/main [1ms]
2024-01-22 23:53:55.185 [info] > git status -z -uall [4ms]
2024-01-22 23:54:00.202 [info] > git config --get commit.template [5ms]
2024-01-22 23:54:00.202 [info] > git for-each-ref --format=%(refname)%00%(upstream:short)%00%(objectname)%00%(upstream:track)%00%(upstream:remotename)%00%(upstream:remoteref) refs/heads/main refs/remotes/main [2ms]
2024-01-22 23:54:00.211 [info] > git status -z -uall [4ms]
2024-01-22 23:54:05.225 [info] > git config --get commit.template [3ms]
2024-01-22 23:54:05.225 [info] > git for-each-ref --format=%(refname)%00%(upstream:short)%00%(objectname)%00%(upstream:track)%00%(upstream:remotename)%00%(upstream:remoteref) refs/heads/main refs/remotes/main [1ms]
2024-01-22 23:54:05.231 [info] > git status -z -uall [4ms]
2024-01-22 23:54:17.298 [info] > git config --get commit.template [3ms]
2024-01-22 23:54:17.298 [info] > git for-each-ref --format=%(refname)%00%(upstream:short)%00%(objectname)%00%(upstream:track)%00%(upstream:remotename)%00%(upstream:remoteref) refs/heads/main refs/remotes/main [1ms]
2024-01-22 23:54:17.303 [info] > git status -z -uall [3ms]
2024-01-22 23:54:18.762 [info] > git ls-files --stage -- /home/niko/.vscode-server/.gitignore [1ms]
2024-01-22 23:54:18.764 [info] > git cat-file -s 4e637713e0e9afa2b3ccb8d2b70f74e5465e4258 [0ms]
2024-01-22 23:54:18.769 [info] > git show --textconv :.gitignore [1ms]
2024-01-22 23:54:22.315 [info] > git config --get commit.template [3ms]
2024-01-22 23:54:22.315 [info] > git for-each-ref --format=%(refname)%00%(upstream:short)%00%(objectname)%00%(upstream:track)%00%(upstream:remotename)%00%(upstream:remoteref) refs/heads/main refs/remotes/main [0ms]
2024-01-22 23:54:22.320 [info] > git status -z -uall [3ms]
2024-01-22 23:54:28.981 [info] > git config --get commit.template [0ms]
2024-01-22 23:54:28.983 [info] > git for-each-ref --format=%(refname)%00%(upstream:short)%00%(objectname)%00%(upstream:track)%00%(upstream:remotename)%00%(upstream:remoteref) refs/heads/main refs/remotes/main [0ms]
2024-01-22 23:54:28.988 [info] > git status -z -uall [3ms]
2024-01-22 23:54:33.998 [info] > git config --get commit.template [2ms]
2024-01-22 23:54:33.998 [info] > git for-each-ref --format=%(refname)%00%(upstream:short)%00%(objectname)%00%(upstream:track)%00%(upstream:remotename)%00%(upstream:remoteref) refs/heads/main refs/remotes/main [0ms]
2024-01-22 23:54:34.003 [info] > git status -z -uall [3ms]
2024-01-22 23:54:39.013 [info] > git config --get commit.template [2ms]
2024-01-22 23:54:39.013 [info] > git for-each-ref --format=%(refname)%00%(upstream:short)%00%(objectname)%00%(upstream:track)%00%(upstream:remotename)%00%(upstream:remoteref) refs/heads/main refs/remotes/main [0ms]
2024-01-22 23:54:39.018 [info] > git status -z -uall [3ms]
2024-01-22 23:54:44.029 [info] > git config --get commit.template [3ms]
2024-01-22 23:54:44.029 [info] > git for-each-ref --format=%(refname)%00%(upstream:short)%00%(objectname)%00%(upstream:track)%00%(upstream:remotename)%00%(upstream:remoteref) refs/heads/main refs/remotes/main [1ms]
2024-01-22 23:54:44.034 [info] > git status -z -uall [3ms]
2024-01-22 23:54:49.045 [info] > git config --get commit.template [2ms]
2024-01-22 23:54:49.045 [info] > git for-each-ref --format=%(refname)%00%(upstream:short)%00%(objectname)%00%(upstream:track)%00%(upstream:remotename)%00%(upstream:remoteref) refs/heads/main refs/remotes/main [1ms]
2024-01-22 23:54:49.050 [info] > git status -z -uall [4ms]
2024-01-22 23:54:54.060 [info] > git config --get commit.template [3ms]
2024-01-22 23:54:54.060 [info] > git for-each-ref --format=%(refname)%00%(upstream:short)%00%(objectname)%00%(upstream:track)%00%(upstream:remotename)%00%(upstream:remoteref) refs/heads/main refs/remotes/main [0ms]
2024-01-22 23:54:54.065 [info] > git status -z -uall [3ms]
2024-01-22 23:54:59.076 [info] > git config --get commit.template [2ms]
2024-01-22 23:54:59.076 [info] > git for-each-ref --format=%(refname)%00%(upstream:short)%00%(objectname)%00%(upstream:track)%00%(upstream:remotename)%00%(upstream:remoteref) refs/heads/main refs/remotes/main [0ms]
2024-01-22 23:54:59.081 [info] > git status -z -uall [3ms]
2024-01-22 23:55:04.093 [info] > git config --get commit.template [3ms]
2024-01-22 23:55:04.093 [info] > git for-each-ref --format=%(refname)%00%(upstream:short)%00%(objectname)%00%(upstream:track)%00%(upstream:remotename)%00%(upstream:remoteref) refs/heads/main refs/remotes/main [0ms]
2024-01-22 23:55:04.099 [info] > git status -z -uall [3ms]
2024-01-22 23:55:58.258 [info] > git config --get commit.template [4ms]
2024-01-22 23:55:58.258 [info] > git for-each-ref --format=%(refname)%00%(upstream:short)%00%(objectname)%00%(upstream:track)%00%(upstream:remotename)%00%(upstream:remoteref) refs/heads/main refs/remotes/main [1ms]
2024-01-22 23:55:58.265 [info] > git status -z -uall [4ms]
2024-01-22 23:56:03.280 [info] > git config --get commit.template [3ms]
2024-01-22 23:56:03.280 [info] > git for-each-ref --format=%(refname)%00%(upstream:short)%00%(objectname)%00%(upstream:track)%00%(upstream:remotename)%00%(upstream:remoteref) refs/heads/main refs/remotes/main [1ms]
2024-01-22 23:56:03.285 [info] > git status -z -uall [3ms]
2024-01-22 23:56:08.299 [info] > git config --get commit.template [3ms]
2024-01-22 23:56:08.299 [info] > git for-each-ref --format=%(refname)%00%(upstream:short)%00%(objectname)%00%(upstream:track)%00%(upstream:remotename)%00%(upstream:remoteref) refs/heads/main refs/remotes/main [1ms]
2024-01-22 23:56:08.306 [info] > git status -z -uall [4ms]
2024-01-22 23:56:13.317 [info] > git config --get commit.template [2ms]
2024-01-22 23:56:13.321 [info] > git for-each-ref --format=%(refname)%00%(upstream:short)%00%(objectname)%00%(upstream:track)%00%(upstream:remotename)%00%(upstream:remoteref) refs/heads/main refs/remotes/main [1ms]
2024-01-22 23:56:13.327 [info] > git status -z -uall [4ms]
2024-01-22 23:56:18.339 [info] > git config --get commit.template [0ms]
2024-01-22 23:56:18.342 [info] > git for-each-ref --format=%(refname)%00%(upstream:short)%00%(objectname)%00%(upstream:track)%00%(upstream:remotename)%00%(upstream:remoteref) refs/heads/main refs/remotes/main [1ms]
2024-01-22 23:56:18.349 [info] > git status -z -uall [4ms]
2024-01-22 23:56:23.152 [info] > git ls-files --stage -- /home/niko/.vscode-server/.gitignore [1ms]
2024-01-22 23:56:23.156 [info] > git cat-file -s 4e637713e0e9afa2b3ccb8d2b70f74e5465e4258 [0ms]
2024-01-22 23:56:23.162 [info] > git show --textconv :.gitignore [0ms]
2024-01-22 23:56:23.362 [info] > git config --get commit.template [3ms]
2024-01-22 23:56:23.362 [info] > git for-each-ref --format=%(refname)%00%(upstream:short)%00%(objectname)%00%(upstream:track)%00%(upstream:remotename)%00%(upstream:remoteref) refs/heads/main refs/remotes/main [0ms]
2024-01-22 23:56:23.369 [info] > git status -z -uall [4ms]
2024-01-22 23:56:28.381 [info] > git config --get commit.template [4ms]
2024-01-22 23:56:28.381 [info] > git for-each-ref --format=%(refname)%00%(upstream:short)%00%(objectname)%00%(upstream:track)%00%(upstream:remotename)%00%(upstream:remoteref) refs/heads/main refs/remotes/main [1ms]
2024-01-22 23:56:28.388 [info] > git status -z -uall [4ms]
2024-01-22 23:56:33.399 [info] > git config --get commit.template [4ms]
2024-01-22 23:56:33.399 [info] > git for-each-ref --format=%(refname)%00%(upstream:short)%00%(objectname)%00%(upstream:track)%00%(upstream:remotename)%00%(upstream:remoteref) refs/heads/main refs/remotes/main [1ms]
2024-01-22 23:56:33.407 [info] > git status -z -uall [4ms]
2024-01-22 23:56:42.976 [info] > git config --get commit.template [4ms]
2024-01-22 23:56:42.976 [info] > git for-each-ref --format=%(refname)%00%(upstream:short)%00%(objectname)%00%(upstream:track)%00%(upstream:remotename)%00%(upstream:remoteref) refs/heads/main refs/remotes/main [1ms]
2024-01-22 23:56:42.982 [info] > git status -z -uall [3ms]
2024-01-22 23:56:47.987 [info] > git config --get commit.template [0ms]
2024-01-22 23:56:47.990 [info] > git for-each-ref --format=%(refname)%00%(upstream:short)%00%(objectname)%00%(upstream:track)%00%(upstream:remotename)%00%(upstream:remoteref) refs/heads/main refs/remotes/main [0ms]
2024-01-22 23:56:47.995 [info] > git status -z -uall [3ms]
2024-01-22 23:57:31.327 [info] > git config --get commit.template [3ms]
2024-01-22 23:57:31.328 [info] > git for-each-ref --format=%(refname)%00%(upstream:short)%00%(objectname)%00%(upstream:track)%00%(upstream:remotename)%00%(upstream:remoteref) refs/heads/main refs/remotes/main [1ms]
2024-01-22 23:57:31.333 [info] > git status -z -uall [3ms]
2024-01-22 23:57:36.340 [info] > git config --get commit.template [2ms]
2024-01-22 23:57:36.340 [info] > git for-each-ref --format=%(refname)%00%(upstream:short)%00%(objectname)%00%(upstream:track)%00%(upstream:remotename)%00%(upstream:remoteref) refs/heads/main refs/remotes/main [0ms]
2024-01-22 23:57:36.345 [info] > git status -z -uall [3ms]
2024-01-22 23:57:41.353 [info] > git config --get commit.template [3ms]
2024-01-22 23:57:41.353 [info] > git for-each-ref --format=%(refname)%00%(upstream:short)%00%(objectname)%00%(upstream:track)%00%(upstream:remotename)%00%(upstream:remoteref) refs/heads/main refs/remotes/main [1ms]
2024-01-22 23:57:41.358 [info] > git status -z -uall [3ms]
2024-01-22 23:57:47.616 [info] > git config --get commit.template [1ms]
2024-01-22 23:57:47.619 [info] > git for-each-ref --format=%(refname)%00%(upstream:short)%00%(objectname)%00%(upstream:track)%00%(upstream:remotename)%00%(upstream:remoteref) refs/heads/main refs/remotes/main [1ms]
2024-01-22 23:57:47.624 [info] > git status -z -uall [4ms]
2024-01-22 23:57:56.026 [info] > git config --get commit.template [4ms]
2024-01-22 23:57:56.026 [info] > git for-each-ref --format=%(refname)%00%(upstream:short)%00%(objectname)%00%(upstream:track)%00%(upstream:remotename)%00%(upstream:remoteref) refs/heads/main refs/remotes/main [1ms]
2024-01-22 23:57:56.033 [info] > git status -z -uall [4ms]
2024-01-22 23:58:01.040 [info] > git config --get commit.template [2ms]
2024-01-22 23:58:01.040 [info] > git for-each-ref --format=%(refname)%00%(upstream:short)%00%(objectname)%00%(upstream:track)%00%(upstream:remotename)%00%(upstream:remoteref) refs/heads/main refs/remotes/main [0ms]
2024-01-22 23:58:01.045 [info] > git status -z -uall [3ms]
2024-01-23 00:00:03.251 [info] > git config --get commit.template [6ms]
2024-01-23 00:00:03.254 [info] > git ls-files --stage -- /home/niko/.vscode-server/.gitignore [4ms]
2024-01-23 00:00:03.256 [info] > git for-each-ref --format=%(refname)%00%(upstream:short)%00%(objectname)%00%(upstream:track)%00%(upstream:remotename)%00%(upstream:remoteref) refs/heads/main refs/remotes/main [3ms]
2024-01-23 00:00:03.257 [info] > git cat-file -s 4e637713e0e9afa2b3ccb8d2b70f74e5465e4258 [1ms]
2024-01-23 00:00:03.263 [info] > git status -z -uall [4ms]
2024-01-23 00:00:03.266 [info] > git show --textconv :.gitignore [3ms]
2024-01-23 00:01:26.919 [info] > git config --get commit.template [1ms]
2024-01-23 00:01:26.927 [info] > git for-each-ref --format=%(refname)%00%(upstream:short)%00%(objectname)%00%(upstream:track)%00%(upstream:remotename)%00%(upstream:remoteref) refs/heads/main refs/remotes/main [2ms]
2024-01-23 00:01:26.939 [info] > git status -z -uall [5ms]
