2024-01-21 11:20:16.286 [info] Extension host with pid 893 started
2024-01-21 11:20:16.296 [info] Lock '/home/niko/.vscode-server/data/User/workspaceStorage/ff610a2916824447eaaf4c0a7f87f07b/vscode.lock': Lock acquired.
2024-01-21 11:20:16.377 [info] ExtensionService#_doActivateExtension vscode.typescript-language-features, startup: false, activationEvent: 'onLanguage:javascript'
2024-01-21 11:20:16.378 [info] ExtensionService#_doActivateExtension vscode.emmet, startup: false, activationEvent: 'onLanguage'
2024-01-21 11:20:16.562 [info] ExtensionService#_doActivateExtension vscode.git-base, startup: true, activationEvent: '*', root cause: vscode.git
2024-01-21 11:20:16.566 [info] ExtensionService#_doActivateExtension vscode.npm, startup: true, activationEvent: 'workspaceContains:package.json'
2024-01-21 11:20:16.617 [info] ExtensionService#_doActivateExtension vscode.git, startup: true, activationEvent: '*'
2024-01-21 11:20:16.617 [info] ExtensionService#_doActivateExtension vscode.github, startup: true, activationEvent: '*'
2024-01-21 11:20:16.947 [info] Eager extensions activated
2024-01-21 11:20:16.947 [info] ExtensionService#_doActivateExtension vscode.debug-auto-launch, startup: false, activationEvent: 'onStartupFinished'
2024-01-21 11:20:16.947 [info] ExtensionService#_doActivateExtension vscode.merge-conflict, startup: false, activationEvent: 'onStartupFinished'
2024-01-21 13:52:54.021 [info] ExtensionService#_doActivateExtension vscode.html-language-features, startup: false, activationEvent: 'onLanguage:html'
2024-01-21 13:53:18.342 [info] ExtensionService#_doActivateExtension vscode.debug-server-ready, startup: false, activationEvent: 'onDebugResolve'
2024-01-21 13:53:18.342 [info] ExtensionService#_doActivateExtension ms-vscode.js-debug, startup: false, activationEvent: 'onDebugResolve:node'
2024-01-21 13:53:32.671 [info] ExtensionService#_doActivateExtension vscode.json-language-features, startup: false, activationEvent: 'onLanguage:jsonc'
2024-01-21 13:55:52.570 [info] ExtensionService#_doActivateExtension george-alisson.html-preview-vscode, startup: false, activationEvent: 'onLanguage:html'
2024-01-21 13:57:20.210 [info] ExtensionService#_doActivateExtension searKing.preview-vscode, startup: false, activationEvent: 'onCommand:preview.showPreview'
2024-01-21 15:58:44.955 [info] Extension host terminating: received terminate message from renderer
2024-01-21 15:58:44.956 [info] Lock '/home/niko/.vscode-server/data/User/workspaceStorage/ff610a2916824447eaaf4c0a7f87f07b/vscode.lock': Marking the lockfile as scheduled to be released in 6000 ms.
2024-01-21 15:58:45.000 [info] Extension host with pid 893 exiting with code 0
