2024-01-25 10:32:53.748 [info] Log level: Info
2024-01-25 10:32:53.748 [info] Validating found git in: "git"
2024-01-25 10:32:53.748 [info] Using git "2.34.1" from "git"
2024-01-25 10:32:53.748 [info] > git rev-parse --show-toplevel [7ms]
2024-01-25 10:32:53.749 [info] > git rev-parse --git-dir --git-common-dir [2ms]
2024-01-25 10:32:53.756 [info] Open repository: /home/niko/.vscode-server
2024-01-25 10:32:53.769 [info] > git rev-parse --show-toplevel [6ms]
2024-01-25 10:32:53.770 [info] > git config --get commit.template [9ms]
2024-01-25 10:32:53.776 [info] > git rev-parse --show-toplevel [4ms]
2024-01-25 10:32:53.779 [info] > git for-each-ref --format=%(refname)%00%(upstream:short)%00%(objectname)%00%(upstream:track)%00%(upstream:remotename)%00%(upstream:remoteref) refs/heads/main refs/remotes/main [3ms]
2024-01-25 10:32:53.779 [info] > git rev-parse --show-toplevel [1ms]
2024-01-25 10:32:53.787 [info] > git rev-parse --show-toplevel [6ms]
2024-01-25 10:32:53.791 [info] > git status -z -uall [6ms]
2024-01-25 10:32:53.802 [info] > git config --get commit.template [1ms]
2024-01-25 10:32:53.805 [info] > git for-each-ref --format=%(refname)%00%(upstream:short)%00%(objectname)%00%(upstream:track)%00%(upstream:remotename)%00%(upstream:remoteref) refs/heads/main refs/remotes/main [1ms]
2024-01-25 10:32:53.813 [info] > git status -z -uall [5ms]
2024-01-25 10:32:54.097 [info] > git show --textconv :.gitignore [2ms]
2024-01-25 10:32:54.098 [info] > git ls-files --stage -- /home/niko/.vscode-server/.gitignore [1ms]
2024-01-25 10:32:54.101 [info] > git cat-file -s 4e637713e0e9afa2b3ccb8d2b70f74e5465e4258 [1ms]
2024-01-25 10:32:54.291 [info] > git check-ignore -v -z --stdin [1ms]
2024-01-25 10:33:01.569 [info] > git config --get commit.template [2ms]
2024-01-25 10:33:01.569 [info] > git for-each-ref --format=%(refname)%00%(upstream:short)%00%(objectname)%00%(upstream:track)%00%(upstream:remotename)%00%(upstream:remoteref) refs/heads/main refs/remotes/main [0ms]
2024-01-25 10:33:01.574 [info] > git status -z -uall [3ms]
2024-01-25 10:33:06.581 [info] > git config --get commit.template [1ms]
2024-01-25 10:33:06.584 [info] > git for-each-ref --format=%(refname)%00%(upstream:short)%00%(objectname)%00%(upstream:track)%00%(upstream:remotename)%00%(upstream:remoteref) refs/heads/main refs/remotes/main [1ms]
2024-01-25 10:33:06.590 [info] > git status -z -uall [4ms]
2024-01-25 10:33:11.598 [info] > git config --get commit.template [2ms]
2024-01-25 10:33:11.599 [info] > git for-each-ref --format=%(refname)%00%(upstream:short)%00%(objectname)%00%(upstream:track)%00%(upstream:remotename)%00%(upstream:remoteref) refs/heads/main refs/remotes/main [0ms]
2024-01-25 10:33:11.603 [info] > git status -z -uall [3ms]
