2024-01-21 11:20:16.914 [info] Log level: Info
2024-01-21 11:20:16.914 [info] Validating found git in: "git"
2024-01-21 11:20:16.914 [info] Using git "2.34.1" from "git"
2024-01-21 11:20:16.914 [info] > git rev-parse --show-toplevel [53ms]
2024-01-21 11:20:16.914 [info] fatal: not a git repository (or any of the parent directories): .git
2024-01-21 11:20:16.914 [info] > git rev-parse --show-toplevel [2ms]
2024-01-21 11:20:16.914 [info] fatal: not a git repository (or any of the parent directories): .git
2024-01-21 11:20:16.914 [info] > git rev-parse --show-toplevel [6ms]
2024-01-21 11:20:16.914 [info] fatal: not a git repository (or any of the parent directories): .git
2024-01-21 11:20:16.918 [info] > git rev-parse --show-toplevel [11ms]
2024-01-21 11:20:16.918 [info] fatal: not a git repository (or any of the parent directories): .git
2024-01-21 11:20:16.926 [info] > git rev-parse --show-toplevel [3ms]
2024-01-21 11:20:16.926 [info] fatal: not a git repository (or any of the parent directories): .git
2024-01-21 11:20:16.934 [info] > git rev-parse --show-toplevel [2ms]
2024-01-21 11:20:16.934 [info] fatal: not a git repository (or any of the parent directories): .git
2024-01-21 11:24:52.080 [info] > git rev-parse --show-toplevel [1ms]
2024-01-21 11:24:52.081 [info] fatal: not a git repository (or any of the parent directories): .git
2024-01-21 11:24:54.573 [info] > git rev-parse --show-toplevel [1ms]
2024-01-21 11:24:54.573 [info] fatal: not a git repository (or any of the parent directories): .git
2024-01-21 11:25:33.228 [info] > git rev-parse --show-toplevel [3ms]
2024-01-21 11:25:33.228 [info] fatal: not a git repository (or any of the parent directories): .git
2024-01-21 11:25:39.867 [info] > git rev-parse --show-toplevel [1ms]
2024-01-21 11:25:39.867 [info] fatal: not a git repository (or any of the parent directories): .git
2024-01-21 11:25:47.632 [info] > git rev-parse --show-toplevel [4ms]
2024-01-21 11:25:47.632 [info] fatal: not a git repository (or any of the parent directories): .git
2024-01-21 11:26:26.799 [info] > git rev-parse --show-toplevel [2ms]
2024-01-21 11:26:26.799 [info] fatal: not a git repository (or any of the parent directories): .git
2024-01-21 11:26:46.903 [info] > git rev-parse --show-toplevel [2ms]
2024-01-21 11:26:46.903 [info] fatal: not a git repository (or any of the parent directories): .git
2024-01-21 12:03:58.662 [info] > git rev-parse --show-toplevel [1ms]
2024-01-21 12:03:58.662 [info] fatal: not a git repository (or any of the parent directories): .git
2024-01-21 12:04:43.279 [info] > git rev-parse --show-toplevel [1ms]
2024-01-21 12:04:43.279 [info] fatal: not a git repository (or any of the parent directories): .git
2024-01-21 12:12:06.640 [info] > git rev-parse --show-toplevel [8ms]
2024-01-21 12:12:06.640 [info] fatal: not a git repository (or any of the parent directories): .git
2024-01-21 12:12:28.738 [info] > git rev-parse --show-toplevel [1ms]
2024-01-21 12:12:28.738 [info] fatal: not a git repository (or any of the parent directories): .git
2024-01-21 12:12:40.808 [info] > git rev-parse --show-toplevel [4ms]
2024-01-21 12:12:40.808 [info] fatal: not a git repository (or any of the parent directories): .git
2024-01-21 12:12:47.194 [info] > git rev-parse --show-toplevel [1ms]
2024-01-21 12:12:47.195 [info] fatal: not a git repository (or any of the parent directories): .git
2024-01-21 13:21:20.870 [info] > git rev-parse --show-toplevel [2ms]
2024-01-21 13:21:20.870 [info] fatal: not a git repository (or any of the parent directories): .git
2024-01-21 13:52:54.080 [info] > git rev-parse --show-toplevel [22ms]
2024-01-21 13:52:54.080 [info] fatal: not a git repository (or any of the parent directories): .git
2024-01-21 13:53:32.715 [info] > git rev-parse --show-toplevel [0ms]
2024-01-21 13:53:32.715 [info] fatal: not a git repository (or any of the parent directories): .git
2024-01-21 13:53:38.324 [info] > git rev-parse --show-toplevel [1ms]
2024-01-21 13:53:38.324 [info] fatal: not a git repository (or any of the parent directories): .git
2024-01-21 13:55:52.504 [info] > git rev-parse --show-toplevel [2ms]
2024-01-21 13:55:52.504 [info] fatal: not a git repository (or any of the parent directories): .git
2024-01-21 13:56:02.584 [info] > git rev-parse --show-toplevel [1ms]
2024-01-21 13:56:02.584 [info] fatal: not a git repository (or any of the parent directories): .git
2024-01-21 13:56:08.830 [info] > git rev-parse --show-toplevel [1ms]
2024-01-21 13:56:08.830 [info] fatal: not a git repository (or any of the parent directories): .git
2024-01-21 13:56:11.684 [info] > git rev-parse --show-toplevel [1ms]
2024-01-21 13:56:11.684 [info] fatal: not a git repository (or any of the parent directories): .git
2024-01-21 13:56:17.583 [info] > git rev-parse --show-toplevel [1ms]
2024-01-21 13:56:17.583 [info] fatal: not a git repository (or any of the parent directories): .git
2024-01-21 13:56:27.741 [info] > git rev-parse --show-toplevel [2ms]
2024-01-21 13:56:27.741 [info] fatal: not a git repository (or any of the parent directories): .git
2024-01-21 13:57:15.579 [info] > git rev-parse --show-toplevel [2ms]
2024-01-21 13:57:15.579 [info] fatal: not a git repository (or any of the parent directories): .git
2024-01-21 13:57:15.662 [info] > git rev-parse --show-toplevel [1ms]
2024-01-21 13:57:15.662 [info] fatal: not a git repository (or any of the parent directories): .git
2024-01-21 13:57:18.242 [info] > git rev-parse --show-toplevel [1ms]
2024-01-21 13:57:18.242 [info] fatal: not a git repository (or any of the parent directories): .git
2024-01-21 13:57:23.653 [info] > git rev-parse --show-toplevel [1ms]
2024-01-21 13:57:23.653 [info] fatal: not a git repository (or any of the parent directories): .git
2024-01-21 13:57:38.176 [info] > git rev-parse --show-toplevel [1ms]
2024-01-21 13:57:38.176 [info] fatal: not a git repository (or any of the parent directories): .git
2024-01-21 14:01:57.265 [info] > git rev-parse --show-toplevel [1ms]
2024-01-21 14:01:57.265 [info] fatal: not a git repository (or any of the parent directories): .git
2024-01-21 14:05:30.403 [info] > git rev-parse --show-toplevel [1ms]
2024-01-21 14:05:30.403 [info] fatal: not a git repository (or any of the parent directories): .git
2024-01-21 14:10:21.382 [info] > git rev-parse --show-toplevel [1ms]
2024-01-21 14:10:21.382 [info] fatal: not a git repository (or any of the parent directories): .git
2024-01-21 14:10:26.123 [info] > git rev-parse --show-toplevel [1ms]
2024-01-21 14:10:26.123 [info] fatal: not a git repository (or any of the parent directories): .git
2024-01-21 14:11:49.608 [info] > git rev-parse --show-toplevel [1ms]
2024-01-21 14:11:49.608 [info] fatal: not a git repository (or any of the parent directories): .git
2024-01-21 14:11:53.847 [info] > git rev-parse --show-toplevel [2ms]
2024-01-21 14:11:53.847 [info] fatal: not a git repository (or any of the parent directories): .git
2024-01-21 15:37:59.062 [info] > git rev-parse --show-toplevel [2ms]
2024-01-21 15:37:59.062 [info] fatal: not a git repository (or any of the parent directories): .git
2024-01-21 15:38:02.098 [info] > git rev-parse --show-toplevel [1ms]
2024-01-21 15:38:02.098 [info] fatal: not a git repository (or any of the parent directories): .git
2024-01-21 15:38:06.447 [info] > git rev-parse --show-toplevel [4ms]
2024-01-21 15:38:06.447 [info] fatal: not a git repository (or any of the parent directories): .git
2024-01-21 15:40:11.105 [info] > git rev-parse --show-toplevel [1ms]
2024-01-21 15:40:11.106 [info] fatal: not a git repository (or any of the parent directories): .git
2024-01-21 15:40:13.030 [info] > git rev-parse --show-toplevel [2ms]
2024-01-21 15:40:13.030 [info] fatal: not a git repository (or any of the parent directories): .git
2024-01-21 15:40:18.145 [info] > git rev-parse --show-toplevel [1ms]
2024-01-21 15:40:18.146 [info] fatal: not a git repository (or any of the parent directories): .git
2024-01-21 15:40:43.736 [info] > git rev-parse --show-toplevel [4ms]
2024-01-21 15:40:43.736 [info] fatal: not a git repository (or any of the parent directories): .git
2024-01-21 15:40:50.231 [info] > git rev-parse --show-toplevel [1ms]
2024-01-21 15:40:50.231 [info] fatal: not a git repository (or any of the parent directories): .git
2024-01-21 15:51:15.971 [info] > git rev-parse --show-toplevel [2ms]
2024-01-21 15:51:15.971 [info] fatal: not a git repository (or any of the parent directories): .git
2024-01-21 15:52:57.945 [info] > git rev-parse --show-toplevel [1ms]
2024-01-21 15:52:57.945 [info] fatal: not a git repository (or any of the parent directories): .git
