2024-01-21 13:42:50.239 [info] Log level: Info
2024-01-21 13:42:50.239 [info] Validating found git in: "git"
2024-01-21 13:42:50.239 [info] Using git "2.34.1" from "git"
2024-01-21 13:42:50.239 [info] > git rev-parse --show-toplevel [2ms]
2024-01-21 13:42:50.239 [info] fatal: not a git repository (or any of the parent directories): .git
2024-01-21 13:42:50.239 [info] > git rev-parse --show-toplevel [15ms]
2024-01-21 13:42:50.239 [info] fatal: not a git repository (or any of the parent directories): .git
2024-01-21 13:42:50.239 [info] > git rev-parse --show-toplevel [1ms]
2024-01-21 13:42:50.239 [info] fatal: not a git repository (or any of the parent directories): .git
2024-01-21 13:42:50.241 [info] > git rev-parse --show-toplevel [1ms]
2024-01-21 13:42:50.244 [info] > git rev-parse --git-dir --git-common-dir [1ms]
2024-01-21 13:42:50.249 [info] Open repository: /home/niko/.nvm
2024-01-21 13:42:50.255 [info] > git rev-parse --show-toplevel [2ms]
2024-01-21 13:42:50.256 [info] fatal: not a git repository (or any of the parent directories): .git
2024-01-21 13:42:50.257 [info] > git config --get commit.template [6ms]
2024-01-21 13:42:50.262 [info] > git for-each-ref --format %(refname) %(objectname) %(*objectname) refs/tags [1ms]
2024-01-21 13:42:50.266 [info] > git status -z -uall [1ms]
2024-01-21 13:42:50.274 [info] > git config --get commit.template [2ms]
2024-01-21 13:42:50.274 [info] > git for-each-ref --format %(refname) %(objectname) %(*objectname) refs/tags [1ms]
2024-01-21 13:42:50.277 [info] > git status -z -uall [1ms]
2024-01-21 13:42:50.762 [info] > git check-ignore -v -z --stdin [0ms]
