2024-01-29 11:06:49.981 [info] Log level: Info
2024-01-29 11:06:49.981 [info] Validating found git in: "git"
2024-01-29 11:06:49.981 [info] Using git "2.34.1" from "git"
2024-01-29 11:06:49.985 [info] > git rev-parse --show-toplevel [4ms]
2024-01-29 11:06:49.987 [info] > git rev-parse --git-dir --git-common-dir [0ms]
2024-01-29 11:06:49.993 [info] Open repository: /home/niko/.vscode-server
2024-01-29 11:06:50.007 [info] > git rev-parse --show-toplevel [9ms]
2024-01-29 11:06:50.008 [info] > git config --get commit.template [12ms]
2024-01-29 11:06:50.016 [info] > git rev-parse --show-toplevel [5ms]
2024-01-29 11:06:50.022 [info] > git for-each-ref --format=%(refname)%00%(upstream:short)%00%(objectname)%00%(upstream:track)%00%(upstream:remotename)%00%(upstream:remoteref) refs/heads/main refs/remotes/main [7ms]
2024-01-29 11:06:50.024 [info] > git rev-parse --show-toplevel [2ms]
2024-01-29 11:06:50.031 [info] > git rev-parse --show-toplevel [4ms]
2024-01-29 11:06:50.036 [info] > git status -z -uall [6ms]
2024-01-29 11:06:50.063 [info] > git config --get commit.template [3ms]
2024-01-29 11:06:50.081 [info] > git for-each-ref --format=%(refname)%00%(upstream:short)%00%(objectname)%00%(upstream:track)%00%(upstream:remotename)%00%(upstream:remoteref) refs/heads/main refs/remotes/main [15ms]
2024-01-29 11:06:50.100 [info] > git status -z -uall [14ms]
2024-01-29 11:06:50.496 [info] > git show --textconv :wordle_whacker.js [4ms]
2024-01-29 11:06:50.497 [info] > git ls-files --stage -- /home/niko/.vscode-server/wordle_whacker.js [2ms]
2024-01-29 11:06:50.520 [info] > git cat-file -s fd6f1f4e021e10b75b808e4ee08a6d5ecc68cac8 [20ms]
2024-01-29 11:06:50.536 [info] > git check-ignore -v -z --stdin [12ms]
2024-01-29 11:06:51.123 [info] > git show --textconv :wordle_whacker_html.html [2ms]
2024-01-29 11:06:51.123 [info] > git ls-files --stage -- /home/niko/.vscode-server/wordle_whacker_html.html [0ms]
2024-01-29 11:06:51.125 [info] > git cat-file -s 76ce273038d35f6733175207101742484f654a55 [0ms]
2024-01-29 11:06:56.457 [info] > git config --get commit.template [3ms]
2024-01-29 11:06:56.457 [info] > git for-each-ref --format=%(refname)%00%(upstream:short)%00%(objectname)%00%(upstream:track)%00%(upstream:remotename)%00%(upstream:remoteref) refs/heads/main refs/remotes/main [1ms]
2024-01-29 11:06:56.461 [info] > git status -z -uall [2ms]
2024-01-29 11:07:01.469 [info] > git config --get commit.template [3ms]
2024-01-29 11:07:01.469 [info] > git for-each-ref --format=%(refname)%00%(upstream:short)%00%(objectname)%00%(upstream:track)%00%(upstream:remotename)%00%(upstream:remoteref) refs/heads/main refs/remotes/main [1ms]
2024-01-29 11:07:01.474 [info] > git status -z -uall [3ms]
2024-01-29 11:07:06.482 [info] > git config --get commit.template [2ms]
2024-01-29 11:07:06.482 [info] > git for-each-ref --format=%(refname)%00%(upstream:short)%00%(objectname)%00%(upstream:track)%00%(upstream:remotename)%00%(upstream:remoteref) refs/heads/main refs/remotes/main [1ms]
2024-01-29 11:07:06.486 [info] > git status -z -uall [3ms]
2024-01-29 11:07:11.494 [info] > git config --get commit.template [2ms]
2024-01-29 11:07:11.494 [info] > git for-each-ref --format=%(refname)%00%(upstream:short)%00%(objectname)%00%(upstream:track)%00%(upstream:remotename)%00%(upstream:remoteref) refs/heads/main refs/remotes/main [1ms]
2024-01-29 11:07:11.498 [info] > git status -z -uall [2ms]
2024-01-29 11:07:16.505 [info] > git config --get commit.template [3ms]
2024-01-29 11:07:16.505 [info] > git for-each-ref --format=%(refname)%00%(upstream:short)%00%(objectname)%00%(upstream:track)%00%(upstream:remotename)%00%(upstream:remoteref) refs/heads/main refs/remotes/main [1ms]
2024-01-29 11:07:16.510 [info] > git status -z -uall [3ms]
2024-01-29 11:07:22.457 [info] > git config --get commit.template [1ms]
2024-01-29 11:07:22.460 [info] > git for-each-ref --format=%(refname)%00%(upstream:short)%00%(objectname)%00%(upstream:track)%00%(upstream:remotename)%00%(upstream:remoteref) refs/heads/main refs/remotes/main [1ms]
2024-01-29 11:07:22.464 [info] > git status -z -uall [2ms]
2024-01-29 11:07:27.472 [info] > git config --get commit.template [3ms]
2024-01-29 11:07:27.472 [info] > git for-each-ref --format=%(refname)%00%(upstream:short)%00%(objectname)%00%(upstream:track)%00%(upstream:remotename)%00%(upstream:remoteref) refs/heads/main refs/remotes/main [1ms]
2024-01-29 11:07:27.477 [info] > git status -z -uall [2ms]
2024-01-29 11:07:32.482 [info] > git config --get commit.template [1ms]
2024-01-29 11:07:32.484 [info] > git for-each-ref --format=%(refname)%00%(upstream:short)%00%(objectname)%00%(upstream:track)%00%(upstream:remotename)%00%(upstream:remoteref) refs/heads/main refs/remotes/main [0ms]
2024-01-29 11:07:32.489 [info] > git status -z -uall [3ms]
2024-01-29 11:07:37.497 [info] > git config --get commit.template [2ms]
2024-01-29 11:07:37.497 [info] > git for-each-ref --format=%(refname)%00%(upstream:short)%00%(objectname)%00%(upstream:track)%00%(upstream:remotename)%00%(upstream:remoteref) refs/heads/main refs/remotes/main [0ms]
2024-01-29 11:07:37.502 [info] > git status -z -uall [3ms]
2024-01-29 11:07:44.459 [info] > git config --get commit.template [1ms]
2024-01-29 11:07:44.462 [info] > git for-each-ref --format=%(refname)%00%(upstream:short)%00%(objectname)%00%(upstream:track)%00%(upstream:remotename)%00%(upstream:remoteref) refs/heads/main refs/remotes/main [1ms]
2024-01-29 11:07:44.467 [info] > git status -z -uall [3ms]
2024-01-29 11:07:52.461 [info] > git config --get commit.template [3ms]
2024-01-29 11:07:52.461 [info] > git for-each-ref --format=%(refname)%00%(upstream:short)%00%(objectname)%00%(upstream:track)%00%(upstream:remotename)%00%(upstream:remoteref) refs/heads/main refs/remotes/main [1ms]
2024-01-29 11:07:52.466 [info] > git status -z -uall [3ms]
2024-01-29 11:07:57.473 [info] > git config --get commit.template [2ms]
2024-01-29 11:07:57.473 [info] > git for-each-ref --format=%(refname)%00%(upstream:short)%00%(objectname)%00%(upstream:track)%00%(upstream:remotename)%00%(upstream:remoteref) refs/heads/main refs/remotes/main [1ms]
2024-01-29 11:07:57.477 [info] > git status -z -uall [2ms]
2024-01-29 11:08:02.484 [info] > git config --get commit.template [2ms]
2024-01-29 11:08:02.484 [info] > git for-each-ref --format=%(refname)%00%(upstream:short)%00%(objectname)%00%(upstream:track)%00%(upstream:remotename)%00%(upstream:remoteref) refs/heads/main refs/remotes/main [0ms]
2024-01-29 11:08:02.489 [info] > git status -z -uall [3ms]
2024-01-29 11:08:09.462 [info] > git config --get commit.template [1ms]
2024-01-29 11:08:09.465 [info] > git for-each-ref --format=%(refname)%00%(upstream:short)%00%(objectname)%00%(upstream:track)%00%(upstream:remotename)%00%(upstream:remoteref) refs/heads/main refs/remotes/main [1ms]
2024-01-29 11:08:09.470 [info] > git status -z -uall [3ms]
2024-01-29 11:08:14.581 [info] > git config --get commit.template [1ms]
2024-01-29 11:08:14.584 [info] > git for-each-ref --format=%(refname)%00%(upstream:short)%00%(objectname)%00%(upstream:track)%00%(upstream:remotename)%00%(upstream:remoteref) refs/heads/main refs/remotes/main [0ms]
2024-01-29 11:08:14.590 [info] > git status -z -uall [3ms]
2024-01-29 11:09:17.810 [info] > git config --get commit.template [0ms]
2024-01-29 11:09:17.813 [info] > git for-each-ref --format=%(refname)%00%(upstream:short)%00%(objectname)%00%(upstream:track)%00%(upstream:remotename)%00%(upstream:remoteref) refs/heads/main refs/remotes/main [0ms]
2024-01-29 11:09:17.820 [info] > git status -z -uall [4ms]
2024-01-29 11:09:22.829 [info] > git config --get commit.template [2ms]
2024-01-29 11:09:22.829 [info] > git for-each-ref --format=%(refname)%00%(upstream:short)%00%(objectname)%00%(upstream:track)%00%(upstream:remotename)%00%(upstream:remoteref) refs/heads/main refs/remotes/main [0ms]
2024-01-29 11:09:22.834 [info] > git status -z -uall [3ms]
2024-01-29 11:09:27.841 [info] > git config --get commit.template [2ms]
2024-01-29 11:09:27.841 [info] > git for-each-ref --format=%(refname)%00%(upstream:short)%00%(objectname)%00%(upstream:track)%00%(upstream:remotename)%00%(upstream:remoteref) refs/heads/main refs/remotes/main [0ms]
2024-01-29 11:09:27.845 [info] > git status -z -uall [2ms]
2024-01-29 11:09:40.309 [info] > git config --get commit.template [2ms]
2024-01-29 11:09:40.310 [info] > git for-each-ref --format=%(refname)%00%(upstream:short)%00%(objectname)%00%(upstream:track)%00%(upstream:remotename)%00%(upstream:remoteref) refs/heads/main refs/remotes/main [1ms]
2024-01-29 11:09:40.316 [info] > git status -z -uall [3ms]
2024-01-29 11:09:45.324 [info] > git config --get commit.template [2ms]
2024-01-29 11:09:45.325 [info] > git for-each-ref --format=%(refname)%00%(upstream:short)%00%(objectname)%00%(upstream:track)%00%(upstream:remotename)%00%(upstream:remoteref) refs/heads/main refs/remotes/main [1ms]
2024-01-29 11:09:45.329 [info] > git status -z -uall [2ms]
2024-01-29 11:10:21.867 [info] > git config --get commit.template [3ms]
2024-01-29 11:10:21.867 [info] > git for-each-ref --format=%(refname)%00%(upstream:short)%00%(objectname)%00%(upstream:track)%00%(upstream:remotename)%00%(upstream:remoteref) refs/heads/main refs/remotes/main [1ms]
2024-01-29 11:10:21.873 [info] > git status -z -uall [3ms]
2024-01-29 11:10:26.881 [info] > git config --get commit.template [3ms]
2024-01-29 11:10:26.881 [info] > git for-each-ref --format=%(refname)%00%(upstream:short)%00%(objectname)%00%(upstream:track)%00%(upstream:remotename)%00%(upstream:remoteref) refs/heads/main refs/remotes/main [1ms]
2024-01-29 11:10:26.885 [info] > git status -z -uall [2ms]
2024-01-29 11:10:31.892 [info] > git config --get commit.template [2ms]
2024-01-29 11:10:31.892 [info] > git for-each-ref --format=%(refname)%00%(upstream:short)%00%(objectname)%00%(upstream:track)%00%(upstream:remotename)%00%(upstream:remoteref) refs/heads/main refs/remotes/main [1ms]
2024-01-29 11:10:31.896 [info] > git status -z -uall [2ms]
2024-01-29 11:10:36.903 [info] > git config --get commit.template [2ms]
2024-01-29 11:10:36.903 [info] > git for-each-ref --format=%(refname)%00%(upstream:short)%00%(objectname)%00%(upstream:track)%00%(upstream:remotename)%00%(upstream:remoteref) refs/heads/main refs/remotes/main [0ms]
2024-01-29 11:10:36.907 [info] > git status -z -uall [2ms]
2024-01-29 11:10:41.913 [info] > git config --get commit.template [0ms]
2024-01-29 11:10:41.916 [info] > git for-each-ref --format=%(refname)%00%(upstream:short)%00%(objectname)%00%(upstream:track)%00%(upstream:remotename)%00%(upstream:remoteref) refs/heads/main refs/remotes/main [1ms]
2024-01-29 11:10:41.920 [info] > git status -z -uall [3ms]
2024-01-29 11:10:43.398 [info] > git check-ignore -v -z --stdin [0ms]
2024-01-29 11:10:46.927 [info] > git config --get commit.template [2ms]
2024-01-29 11:10:46.927 [info] > git for-each-ref --format=%(refname)%00%(upstream:short)%00%(objectname)%00%(upstream:track)%00%(upstream:remotename)%00%(upstream:remoteref) refs/heads/main refs/remotes/main [1ms]
2024-01-29 11:10:46.931 [info] > git status -z -uall [3ms]
2024-01-29 11:10:51.939 [info] > git config --get commit.template [2ms]
2024-01-29 11:10:51.939 [info] > git for-each-ref --format=%(refname)%00%(upstream:short)%00%(objectname)%00%(upstream:track)%00%(upstream:remotename)%00%(upstream:remoteref) refs/heads/main refs/remotes/main [0ms]
2024-01-29 11:10:51.944 [info] > git status -z -uall [3ms]
2024-01-29 11:10:56.951 [info] > git config --get commit.template [2ms]
2024-01-29 11:10:56.951 [info] > git for-each-ref --format=%(refname)%00%(upstream:short)%00%(objectname)%00%(upstream:track)%00%(upstream:remotename)%00%(upstream:remoteref) refs/heads/main refs/remotes/main [0ms]
2024-01-29 11:10:56.956 [info] > git status -z -uall [3ms]
2024-01-29 11:11:01.965 [info] > git config --get commit.template [3ms]
2024-01-29 11:11:01.966 [info] > git for-each-ref --format=%(refname)%00%(upstream:short)%00%(objectname)%00%(upstream:track)%00%(upstream:remotename)%00%(upstream:remoteref) refs/heads/main refs/remotes/main [1ms]
2024-01-29 11:11:01.971 [info] > git status -z -uall [4ms]
2024-01-29 11:11:07.002 [info] > git config --get commit.template [3ms]
2024-01-29 11:11:07.002 [info] > git for-each-ref --format=%(refname)%00%(upstream:short)%00%(objectname)%00%(upstream:track)%00%(upstream:remotename)%00%(upstream:remoteref) refs/heads/main refs/remotes/main [1ms]
2024-01-29 11:11:07.008 [info] > git status -z -uall [4ms]
2024-01-29 11:11:12.042 [info] > git config --get commit.template [2ms]
2024-01-29 11:11:12.042 [info] > git for-each-ref --format=%(refname)%00%(upstream:short)%00%(objectname)%00%(upstream:track)%00%(upstream:remotename)%00%(upstream:remoteref) refs/heads/main refs/remotes/main [1ms]
2024-01-29 11:11:12.048 [info] > git status -z -uall [3ms]
2024-01-29 11:11:17.072 [info] > git config --get commit.template [2ms]
2024-01-29 11:11:17.072 [info] > git for-each-ref --format=%(refname)%00%(upstream:short)%00%(objectname)%00%(upstream:track)%00%(upstream:remotename)%00%(upstream:remoteref) refs/heads/main refs/remotes/main [0ms]
2024-01-29 11:11:17.078 [info] > git status -z -uall [3ms]
2024-01-29 11:11:22.102 [info] > git config --get commit.template [2ms]
2024-01-29 11:11:22.103 [info] > git for-each-ref --format=%(refname)%00%(upstream:short)%00%(objectname)%00%(upstream:track)%00%(upstream:remotename)%00%(upstream:remoteref) refs/heads/main refs/remotes/main [1ms]
2024-01-29 11:11:22.108 [info] > git status -z -uall [3ms]
2024-01-29 11:11:27.132 [info] > git config --get commit.template [2ms]
2024-01-29 11:11:27.132 [info] > git for-each-ref --format=%(refname)%00%(upstream:short)%00%(objectname)%00%(upstream:track)%00%(upstream:remotename)%00%(upstream:remoteref) refs/heads/main refs/remotes/main [0ms]
2024-01-29 11:11:27.139 [info] > git status -z -uall [4ms]
2024-01-29 11:11:50.071 [info] > git config --get commit.template [3ms]
2024-01-29 11:11:50.072 [info] > git for-each-ref --format=%(refname)%00%(upstream:short)%00%(objectname)%00%(upstream:track)%00%(upstream:remotename)%00%(upstream:remoteref) refs/heads/main refs/remotes/main [1ms]
2024-01-29 11:11:50.079 [info] > git status -z -uall [4ms]
2024-01-29 11:11:55.108 [info] > git config --get commit.template [2ms]
2024-01-29 11:11:55.109 [info] > git for-each-ref --format=%(refname)%00%(upstream:short)%00%(objectname)%00%(upstream:track)%00%(upstream:remotename)%00%(upstream:remoteref) refs/heads/main refs/remotes/main [1ms]
2024-01-29 11:11:55.114 [info] > git status -z -uall [3ms]
2024-01-29 11:12:00.138 [info] > git config --get commit.template [1ms]
2024-01-29 11:12:00.140 [info] > git for-each-ref --format=%(refname)%00%(upstream:short)%00%(objectname)%00%(upstream:track)%00%(upstream:remotename)%00%(upstream:remoteref) refs/heads/main refs/remotes/main [0ms]
2024-01-29 11:12:00.146 [info] > git status -z -uall [4ms]
2024-01-29 11:12:05.169 [info] > git config --get commit.template [2ms]
2024-01-29 11:12:05.170 [info] > git for-each-ref --format=%(refname)%00%(upstream:short)%00%(objectname)%00%(upstream:track)%00%(upstream:remotename)%00%(upstream:remoteref) refs/heads/main refs/remotes/main [1ms]
2024-01-29 11:12:05.176 [info] > git status -z -uall [4ms]
2024-01-29 11:12:10.201 [info] > git config --get commit.template [3ms]
2024-01-29 11:12:10.201 [info] > git for-each-ref --format=%(refname)%00%(upstream:short)%00%(objectname)%00%(upstream:track)%00%(upstream:remotename)%00%(upstream:remoteref) refs/heads/main refs/remotes/main [1ms]
2024-01-29 11:12:10.207 [info] > git status -z -uall [4ms]
2024-01-29 11:12:15.232 [info] > git config --get commit.template [2ms]
2024-01-29 11:12:15.233 [info] > git for-each-ref --format=%(refname)%00%(upstream:short)%00%(objectname)%00%(upstream:track)%00%(upstream:remotename)%00%(upstream:remoteref) refs/heads/main refs/remotes/main [1ms]
2024-01-29 11:12:15.239 [info] > git status -z -uall [4ms]
2024-01-29 11:12:21.802 [info] > git config --get commit.template [4ms]
2024-01-29 11:12:21.802 [info] > git for-each-ref --format=%(refname)%00%(upstream:short)%00%(objectname)%00%(upstream:track)%00%(upstream:remotename)%00%(upstream:remoteref) refs/heads/main refs/remotes/main [1ms]
2024-01-29 11:12:21.808 [info] > git status -z -uall [4ms]
