2024-01-25 22:08:02.119 [info] Log level: Info
2024-01-25 22:08:02.119 [info] Validating found git in: "git"
2024-01-25 22:08:02.119 [info] Using git "2.34.1" from "git"
2024-01-25 22:08:02.119 [info] > git rev-parse --show-toplevel [7ms]
2024-01-25 22:08:02.119 [info] > git rev-parse --git-dir --git-common-dir [1ms]
2024-01-25 22:08:02.119 [info] Open repository: /home/niko/.vscode-server
2024-01-25 22:08:02.119 [info] > git rev-parse --show-toplevel [2ms]
2024-01-25 22:08:02.119 [info] > git config --get commit.template [4ms]
2024-01-25 22:08:02.121 [info] > git rev-parse --show-toplevel [2ms]
2024-01-25 22:08:02.122 [info] > git rev-parse --show-toplevel [0ms]
2024-01-25 22:08:02.124 [info] > git for-each-ref --format=%(refname)%00%(upstream:short)%00%(objectname)%00%(upstream:track)%00%(upstream:remotename)%00%(upstream:remoteref) refs/heads/main refs/remotes/main [4ms]
2024-01-25 22:08:02.125 [info] > git rev-parse --show-toplevel [0ms]
2024-01-25 22:08:02.134 [info] > git status -z -uall [6ms]
2024-01-25 22:08:02.142 [info] > git config --get commit.template [2ms]
2024-01-25 22:08:02.144 [info] > git for-each-ref --format=%(refname)%00%(upstream:short)%00%(objectname)%00%(upstream:track)%00%(upstream:remotename)%00%(upstream:remoteref) refs/heads/main refs/remotes/main [1ms]
2024-01-25 22:08:02.149 [info] > git status -z -uall [3ms]
2024-01-25 22:08:02.483 [info] > git show --textconv :.gitignore [2ms]
2024-01-25 22:08:02.484 [info] > git ls-files --stage -- /home/niko/.vscode-server/.gitignore [1ms]
2024-01-25 22:08:02.487 [info] > git cat-file -s 4e637713e0e9afa2b3ccb8d2b70f74e5465e4258 [1ms]
2024-01-25 22:08:02.649 [info] > git check-ignore -v -z --stdin [3ms]
2024-01-25 22:08:04.935 [info] > git config --get commit.template [2ms]
2024-01-25 22:08:04.935 [info] > git for-each-ref --format=%(refname)%00%(upstream:short)%00%(objectname)%00%(upstream:track)%00%(upstream:remotename)%00%(upstream:remoteref) refs/heads/main refs/remotes/main [0ms]
2024-01-25 22:08:04.939 [info] > git status -z -uall [2ms]
2024-01-25 22:08:06.335 [info] > git check-ignore -v -z --stdin [0ms]
2024-01-25 22:08:09.946 [info] > git config --get commit.template [3ms]
2024-01-25 22:08:09.946 [info] > git for-each-ref --format=%(refname)%00%(upstream:short)%00%(objectname)%00%(upstream:track)%00%(upstream:remotename)%00%(upstream:remoteref) refs/heads/main refs/remotes/main [1ms]
2024-01-25 22:08:09.951 [info] > git status -z -uall [3ms]
2024-01-25 22:08:13.556 [info] > git ls-files --stage -- /home/niko/.vscode-server/new_wordle_whacker.js [1ms]
2024-01-25 22:08:13.559 [info] > git show --textconv :new_wordle_whacker.js [7ms]
2024-01-25 22:08:13.559 [info] > git cat-file -s dbfda10785d9de85a3c7ae8225f2a330b2cfcba9 [2ms]
2024-01-25 22:08:14.739 [info] > git show --textconv :wordle_whacker_html.html [2ms]
2024-01-25 22:08:14.739 [info] > git ls-files --stage -- /home/niko/.vscode-server/wordle_whacker_html.html [0ms]
2024-01-25 22:08:14.741 [info] > git cat-file -s 76ce273038d35f6733175207101742484f654a55 [0ms]
2024-01-25 22:08:18.995 [info] > git config --get commit.template [2ms]
2024-01-25 22:08:18.995 [info] > git for-each-ref --format=%(refname)%00%(upstream:short)%00%(objectname)%00%(upstream:track)%00%(upstream:remotename)%00%(upstream:remoteref) refs/heads/main refs/remotes/main [1ms]
2024-01-25 22:08:19.000 [info] > git status -z -uall [2ms]
2024-01-25 22:08:28.468 [info] > git config --get commit.template [4ms]
2024-01-25 22:08:28.468 [info] > git for-each-ref --format=%(refname)%00%(upstream:short)%00%(objectname)%00%(upstream:track)%00%(upstream:remotename)%00%(upstream:remoteref) refs/heads/main refs/remotes/main [1ms]
2024-01-25 22:08:28.474 [info] > git status -z -uall [3ms]
2024-01-25 22:08:33.482 [info] > git config --get commit.template [3ms]
2024-01-25 22:08:33.483 [info] > git for-each-ref --format=%(refname)%00%(upstream:short)%00%(objectname)%00%(upstream:track)%00%(upstream:remotename)%00%(upstream:remoteref) refs/heads/main refs/remotes/main [1ms]
2024-01-25 22:08:33.487 [info] > git status -z -uall [2ms]
2024-01-25 22:08:38.496 [info] > git config --get commit.template [3ms]
2024-01-25 22:08:38.496 [info] > git for-each-ref --format=%(refname)%00%(upstream:short)%00%(objectname)%00%(upstream:track)%00%(upstream:remotename)%00%(upstream:remoteref) refs/heads/main refs/remotes/main [1ms]
2024-01-25 22:08:38.501 [info] > git status -z -uall [3ms]
2024-01-25 22:08:43.509 [info] > git config --get commit.template [3ms]
2024-01-25 22:08:43.509 [info] > git for-each-ref --format=%(refname)%00%(upstream:short)%00%(objectname)%00%(upstream:track)%00%(upstream:remotename)%00%(upstream:remoteref) refs/heads/main refs/remotes/main [1ms]
2024-01-25 22:08:43.514 [info] > git status -z -uall [3ms]
2024-01-25 22:08:50.177 [info] > git config --get commit.template [1ms]
2024-01-25 22:08:50.180 [info] > git for-each-ref --format=%(refname)%00%(upstream:short)%00%(objectname)%00%(upstream:track)%00%(upstream:remotename)%00%(upstream:remoteref) refs/heads/main refs/remotes/main [1ms]
2024-01-25 22:08:50.186 [info] > git status -z -uall [3ms]
2024-01-25 22:20:02.064 [info] > git config --get commit.template [4ms]
2024-01-25 22:20:02.064 [info] > git for-each-ref --format=%(refname)%00%(upstream:short)%00%(objectname)%00%(upstream:track)%00%(upstream:remotename)%00%(upstream:remoteref) refs/heads/main refs/remotes/main [2ms]
2024-01-25 22:20:02.072 [info] > git status -z -uall [4ms]
